22:39:29.815 [main                     ] DEBUG Logger               - Configured Logger
22:39:29.821 [main                     ] DEBUG GameApplication      - Logging settings
Title: Maze Escape Game - FXGL
Version: 1.0
Width: 600
Height: 600
Fullscreen: false
Intro: false
Profiling: false
Single step:false
App Mode: DEVELOPER
Menu Key: ESCAPE
Stage Style: DECORATED
Scene Factory: class com.almasb.fxgl.app.scene.SceneFactory

22:39:30.329 [JavaFX Application Thread] DEBUG FXGLApplication      - Initializing FXGL
22:39:30.330 [JavaFX Application Thread] INFO  Engine               - FXGL-17.3 (30.03.2023 11.49) on WINDOWS (J:25 FX:21.0.6)
22:39:30.331 [JavaFX Application Thread] DEBUG Engine               - JRE Vendor Name: Oracle Corporation
22:39:30.331 [JavaFX Application Thread] DEBUG Engine               - Running on OS: Windows 11 version 10.0
22:39:30.331 [JavaFX Application Thread] DEBUG Engine               - Architecture: amd64
22:39:30.331 [JavaFX Application Thread] INFO  Engine               - Source code and latest versions at: https://github.com/AlmasB/FXGL
22:39:30.331 [JavaFX Application Thread] INFO  Engine               -       Ask questions and discuss at: https://github.com/AlmasB/FXGL/discussions
22:39:30.331 [JavaFX Application Thread] INFO  Engine               -              Join the FXGL chat at: https://gitter.im/AlmasB/FXGL
22:39:30.390 [JavaFX Application Thread] DEBUG PrimaryStageWindow   - Creating a JavaFX scene
22:39:30.426 [JavaFX Application Thread] DEBUG PrimaryStageWindow   - Target settings size: 600.0 x 600.0
22:39:30.427 [JavaFX Application Thread] DEBUG PrimaryStageWindow   - Scaled scene size:    600.0 x 600.0
22:39:30.427 [JavaFX Application Thread] DEBUG PrimaryStageWindow   - Scaled ratio: (1.0, 1.0)
22:39:30.427 [JavaFX Application Thread] DEBUG PrimaryStageWindow   - Set initial scene to FXGLStartupScene
22:39:30.429 [JavaFX Application Thread] DEBUG PrimaryStageWindow   - Opening main window
22:39:30.547 [JavaFX Application Thread] DEBUG PrimaryStageWindow   - Window border size: (14.4000244140625, 37.5999755859375)
22:39:30.548 [JavaFX Application Thread] DEBUG PrimaryStageWindow   - Scaled size: 600.0 x 600.0
22:39:30.548 [JavaFX Application Thread] DEBUG PrimaryStageWindow   - Scaled ratio: (1.0, 1.0)
22:39:30.548 [JavaFX Application Thread] DEBUG PrimaryStageWindow   - Scene size: 600.0 x 600.0
22:39:30.548 [JavaFX Application Thread] DEBUG PrimaryStageWindow   - Stage size: 614.4000244140625 x 637.5999755859375
22:39:30.554 [FXGL Background Thread 1 ] DEBUG Engine               - Initializing environment variables
22:39:30.600 [FXGL Background Thread 1 ] DEBUG FXGLAssetLoaderServi - User app class for loading assets: class com.example.mazegamefx.MazeGameApp
22:39:30.600 [FXGL Background Thread 1 ] DEBUG GameApplicationServi - Applying CSS: fxgl_dark.css
22:39:30.601 [FXGL Background Thread 1 ] DEBUG FXGLAssetLoaderServi - Loading from file system: jar:file:///C:/Users/frank/.m2/repository/com/github/almasb/fxgl/17.3/fxgl-17.3.jar!/fxglassets/ui/css/fxgl_dark.css
22:39:30.632 [FXGL Background Thread 1 ] DEBUG GameApplicationServi - Initializing application scenes
22:39:30.688 [FXGL Background Thread 1 ] DEBUG GameWorld            - Game world initialized
22:39:30.724 [FXGL Background Thread 1 ] DEBUG PhysicsWorld         - Physics world initialized: appHeight=600, physics.ppm=50.0
22:39:30.724 [FXGL Background Thread 1 ] DEBUG PhysicsWorld         - Using strategy: BRUTE_FORCE
22:39:30.727 [FXGL Background Thread 1 ] DEBUG GameScene            - Game scene initialized: 600x600
22:39:30.735 [FXGL Background Thread 1 ] WARN  FXGL.DefaultMenu     - FXGLDefaultMenu is not designed for resolutions < 800x600
22:39:30.735 [FXGL Background Thread 1 ] DEBUG FXGL.DefaultMenu     - createMenuBodyGameMenu()
22:39:30.743 [FXGL Background Thread 1 ] DEBUG FXGL.DefaultMenu     - createOptionsMenu()
22:39:30.751 [FXGL Background Thread 1 ] DEBUG FXGLAssetLoaderServi - Loading from file system: jar:file:///C:/Users/frank/.m2/repository/com/github/almasb/fxgl/17.3/fxgl-17.3.jar!/fxglassets/textures/particles/smoke.png
22:39:30.804 [FXGL Background Thread 1 ] DEBUG FXGLAssetLoaderServi - Loading from file system: jar:file:///C:/Users/frank/.m2/repository/com/github/almasb/fxgl/17.3/fxgl-17.3.jar!/fxglassets/textures/particles/trace_horizontal.png
22:39:30.823 [FXGL Background Thread 1 ] DEBUG GameApplicationServi - Application scenes initialized
22:39:30.831 [FXGL Background Thread 1 ] DEBUG SystemBundleService  - Loading FXGL system data
22:39:30.833 [FXGL Background Thread 1 ] DEBUG FileSystemAccess     - Reading from: C:\Users\frank\OneDrive\Desktop\MazeGameFX\system\fxgl.bundle
22:39:30.838 [FXGL Background Thread 1 ] DEBUG SystemBundleService  - Bundle FXGL: {}
22:39:30.838 [FXGL Background Thread 1 ] DEBUG UpdaterService       - Checking for updates
22:39:30.842 [FXGL Background Thread 4 ] DEBUG FXGLApplication      - Loading fonts
22:39:30.842 [FXGL Background Thread 1 ] DEBUG FXGLApplication      - Loading default localization
22:39:30.842 [FXGL Background Thread 4 ] DEBUG FXGLAssetLoaderServi - Loading from file system: jar:file:///C:/Users/frank/.m2/repository/com/github/almasb/fxgl/17.3/fxgl-17.3.jar!/fxglassets/ui/fonts/VarelaRound-Regular.ttf
22:39:30.842 [FXGL Background Thread 1 ] DEBUG FXGLAssetLoaderServi - Loading from file system: jar:file:///C:/Users/frank/.m2/repository/com/github/almasb/fxgl/17.3/fxgl-17.3.jar!/fxglassets/languages/english.lang
22:39:30.854 [FXGL Background Thread 1 ] INFO  FXGLApplication      - FXGL initialization took: 0.301 sec
22:39:30.861 [JavaFX Application Thread] DEBUG Input                - Registered new binding: Move Up - W
22:39:30.861 [JavaFX Application Thread] DEBUG Input                - Registered new binding: Move Up Alt - Up
22:39:30.862 [JavaFX Application Thread] DEBUG Input                - Registered new binding: Move Down - S
22:39:30.862 [JavaFX Application Thread] DEBUG Input                - Registered new binding: Move Down Alt - Down
22:39:30.862 [JavaFX Application Thread] DEBUG Input                - Registered new binding: Move Left - A
22:39:30.862 [JavaFX Application Thread] DEBUG Input                - Registered new binding: Move Left Alt - Left
22:39:30.863 [JavaFX Application Thread] DEBUG Input                - Registered new binding: Move Right - D
22:39:30.863 [JavaFX Application Thread] DEBUG Input                - Registered new binding: Move Right Alt - Right
22:39:30.864 [JavaFX Application Thread] DEBUG Input                - Registered new binding: Restart - R
22:39:30.864 [JavaFX Application Thread] DEBUG FXGLAssetLoaderServi - Loading from file system: jar:file:///C:/Users/frank/.m2/repository/com/github/almasb/fxgl/17.3/fxgl-17.3.jar!/fxglassets/textures/fxgl_icon.png
22:39:30.872 [FXGL Background Thread 4 ] DEBUG FXGLAssetLoaderServi - Loading from file system: jar:file:///C:/Users/frank/.m2/repository/com/github/almasb/fxgl/17.3/fxgl-17.3.jar!/fxglassets/ui/fonts/Abel-Regular.ttf
22:39:30.875 [FXGL Background Thread 4 ] DEBUG FXGLAssetLoaderServi - Loading from file system: jar:file:///C:/Users/frank/.m2/repository/com/github/almasb/fxgl/17.3/fxgl-17.3.jar!/fxglassets/ui/fonts/TerminalLandMono-Regular.otf
22:39:30.877 [JavaFX Application Thread] DEBUG FXGLAssetLoaderServi - Loading from file system: jar:file:///C:/Users/frank/.m2/repository/com/github/almasb/fxgl/17.3/fxgl-17.3.jar!/fxglassets/textures/fxgl_default_cursor.png
22:39:30.878 [FXGL Background Thread 4 ] DEBUG FXGLAssetLoaderServi - Loading from file system: jar:file:///C:/Users/frank/.m2/repository/com/github/almasb/fxgl/17.3/fxgl-17.3.jar!/fxglassets/ui/fonts/Courier-Prime.ttf
22:39:30.878 [JavaFX Application Thread] DEBUG Input                - Registered new binding: Screenshot - CTRL+8
22:39:30.880 [JavaFX Application Thread] DEBUG Input                - Registered new binding: System info dump - CTRL+9
22:39:30.880 [JavaFX Application Thread] DEBUG Input                - Registered new binding: Restart - CTRL+R
22:39:30.880 [JavaFX Application Thread] DEBUG Input                - Registered new binding: Toggle Debug Camera - CTRL+7
22:39:30.881 [JavaFX Application Thread] DEBUG LoopRunner           - Starting loop
22:39:30.881 [JavaFX Application Thread] DEBUG LoopRunner           - Initializing JavaFX AnimationTimerLoop
22:39:30.882 [JavaFX Application Thread] DEBUG GameApplicationServi - Starting new game
22:39:30.882 [JavaFX Application Thread] DEBUG Input                - Clearing active input actions
22:39:30.890 [JavaFX Application Thread] DEBUG GameApplicationServi - Removing overlay from FXGLStartupScene and adding to FXGLLoadingScene
22:39:30.891 [JavaFX Application Thread] DEBUG PrimaryStageWindow   - FXGLStartupScene -> FXGLLoadingScene
22:39:30.891 [JavaFX Application Thread] DEBUG GameApplicationServi - Clearing previous game
22:39:30.891 [JavaFX Application Thread] DEBUG GameScene            - Clearing game scene
22:39:30.891 [JavaFX Application Thread] DEBUG GameWorld            - Clearing game world
22:39:30.891 [JavaFX Application Thread] DEBUG PhysicsWorld         - Clearing physics world
22:39:30.892 [JavaFX Application Thread] DEBUG FXGLApplication      - Registering font factories with UI factory
22:39:30.892 [FXGL Background Thread 4 ] DEBUG FXGLApplication      - Initializing game
22:39:30.968 [FXGL Background Thread 4 ] INFO  FXGLApplication      - Game initialization took: 0.076 sec
22:39:31.000 [JavaFX Application Thread] DEBUG Input                - Clearing active input actions
22:39:31.010 [JavaFX Application Thread] DEBUG GameApplicationServi - Removing overlay from FXGLLoadingScene and adding to GameScene
22:39:31.011 [JavaFX Application Thread] DEBUG PrimaryStageWindow   - FXGLLoadingScene -> GameScene
22:39:31.173 [FXGL Background Thread 2 ] INFO  UpdaterService       - Your current version:  17.3
22:39:31.173 [FXGL Background Thread 2 ] INFO  UpdaterService       - Latest stable version: 21.1
22:39:33.846 [FXGL Background Thread 3 ] DEBUG Engine               - Logging environment variables
22:39:33.847 [FXGL Background Thread 3 ] DEBUG Engine               - achievements: []
22:39:33.847 [FXGL Background Thread 3 ] DEBUG Engine               - actualHeight: 600.0
22:39:33.847 [FXGL Background Thread 3 ] DEBUG Engine               - actualHeightProperty: ReadOnlyDoubleProperty [value: 600.0]
22:39:33.847 [FXGL Background Thread 3 ] DEBUG Engine               - actualWidth: 600.0
22:39:33.847 [FXGL Background Thread 3 ] DEBUG Engine               - actualWidthProperty: ReadOnlyDoubleProperty [value: 600.0]
22:39:33.847 [FXGL Background Thread 3 ] DEBUG Engine               - appIcon: fxgl_icon.png
22:39:33.847 [FXGL Background Thread 3 ] DEBUG Engine               - applicationMode: DEVELOPER
22:39:33.847 [FXGL Background Thread 3 ] DEBUG Engine               - cSSList: [fxgl_dark.css]
22:39:33.847 [FXGL Background Thread 3 ] DEBUG Engine               - collisionDetectionStrategy: BRUTE_FORCE
22:39:33.847 [FXGL Background Thread 3 ] DEBUG Engine               - configClass: Optional.empty
22:39:33.847 [FXGL Background Thread 3 ] DEBUG Engine               - credits: []
22:39:33.847 [FXGL Background Thread 3 ] DEBUG Engine               - defaultCursor: CursorInfo(imageName=fxgl_default_cursor.png, hotspotX=7.0, hotspotY=6.0)
22:39:33.847 [FXGL Background Thread 3 ] DEBUG Engine               - devBBoxColorProperty: ObjectProperty [value: 0xff0000ff]
22:39:33.847 [FXGL Background Thread 3 ] DEBUG Engine               - devEnableDebugCameraProperty: BooleanProperty [value: false]
22:39:33.847 [FXGL Background Thread 3 ] DEBUG Engine               - devSensorColorProperty: ObjectProperty [value: 0xffff00ff]
22:39:33.848 [FXGL Background Thread 3 ] DEBUG Engine               - devShowBBoxProperty: BooleanProperty [value: false]
22:39:33.848 [FXGL Background Thread 3 ] DEBUG Engine               - devShowPositionProperty: BooleanProperty [value: false]
22:39:33.848 [FXGL Background Thread 3 ] DEBUG Engine               - enabledMenuItems: []
22:39:33.848 [FXGL Background Thread 3 ] DEBUG Engine               - engineServices: [class com.almasb.fxgl.app.services.FXGLAssetLoaderService, class com.almasb.fxgl.app.FXGLApplication$GameApplicationService, class com.almasb.fxgl.app.services.FXGLDialogService, class com.almasb.fxgl.app.services.IOTaskExecutorService, class com.almasb.fxgl.io.FileSystemService, class com.almasb.fxgl.localization.LocalizationService, class com.almasb.fxgl.app.services.SystemBundleService, class com.almasb.fxgl.profile.SaveLoadService, class com.almasb.fxgl.ui.FXGLUIFactoryServiceProvider, class com.almasb.fxgl.ui.FXGLDialogFactoryServiceProvider, class com.almasb.fxgl.audio.AudioPlayer, class com.almasb.fxgl.notification.impl.NotificationServiceProvider, class com.almasb.fxgl.achievement.AchievementService, class com.almasb.fxgl.cutscene.CutsceneService, class com.almasb.fxgl.minigames.MiniGameService, class com.almasb.fxgl.net.NetService, class com.almasb.fxgl.app.services.UpdaterService, class com.almasb.fxgl.dev.DevService]
22:39:33.848 [FXGL Background Thread 3 ] DEBUG Engine               - fontGame: Abel-Regular.ttf
22:39:33.848 [FXGL Background Thread 3 ] DEBUG Engine               - fontMono: TerminalLandMono-Regular.otf
22:39:33.848 [FXGL Background Thread 3 ] DEBUG Engine               - fontSizeScaleUI: 1.0
22:39:33.848 [FXGL Background Thread 3 ] DEBUG Engine               - fontText: Courier-Prime.ttf
22:39:33.848 [FXGL Background Thread 3 ] DEBUG Engine               - fontUI: VarelaRound-Regular.ttf
22:39:33.848 [FXGL Background Thread 3 ] DEBUG Engine               - fullScreen: BooleanProperty [value: false]
22:39:33.848 [FXGL Background Thread 3 ] DEBUG Engine               - gameDifficulty: MEDIUM
22:39:33.848 [FXGL Background Thread 3 ] DEBUG Engine               - gameDifficultyProperty: ObjectProperty [value: MEDIUM]
22:39:33.848 [FXGL Background Thread 3 ] DEBUG Engine               - globalMusicVolume: 0.5
22:39:33.848 [FXGL Background Thread 3 ] DEBUG Engine               - globalMusicVolumeProperty: DoubleProperty [value: 0.5]
22:39:33.848 [FXGL Background Thread 3 ] DEBUG Engine               - globalSoundVolume: 0.5
22:39:33.848 [FXGL Background Thread 3 ] DEBUG Engine               - globalSoundVolumeProperty: DoubleProperty [value: 0.5]
22:39:33.848 [FXGL Background Thread 3 ] DEBUG Engine               - height: 600
22:39:33.848 [FXGL Background Thread 3 ] DEBUG Engine               - is3D: false
22:39:33.848 [FXGL Background Thread 3 ] DEBUG Engine               - isAndroid: false
22:39:33.848 [FXGL Background Thread 3 ] DEBUG Engine               - isBrowser: false
22:39:33.848 [FXGL Background Thread 3 ] DEBUG Engine               - isClickFeedbackEnabled: false
22:39:33.848 [FXGL Background Thread 3 ] DEBUG Engine               - isCloseConfirmation: false
22:39:33.848 [FXGL Background Thread 3 ] DEBUG Engine               - isDesktop: true
22:39:33.848 [FXGL Background Thread 3 ] DEBUG Engine               - isDeveloperMenuEnabled: false
22:39:33.848 [FXGL Background Thread 3 ] DEBUG Engine               - isEmbedded: false
22:39:33.848 [FXGL Background Thread 3 ] DEBUG Engine               - isEntityPreloadEnabled: true
22:39:33.848 [FXGL Background Thread 3 ] DEBUG Engine               - isExperimentalTiledLargeMap: false
22:39:33.848 [FXGL Background Thread 3 ] DEBUG Engine               - isFileSystemWriteAllowed: true
22:39:33.848 [FXGL Background Thread 3 ] DEBUG Engine               - isFullScreenAllowed: false
22:39:33.849 [FXGL Background Thread 3 ] DEBUG Engine               - isFullScreenFromStart: false
22:39:33.849 [FXGL Background Thread 3 ] DEBUG Engine               - isGameMenuEnabled: true
22:39:33.849 [FXGL Background Thread 3 ] DEBUG Engine               - isIOS: false
22:39:33.849 [FXGL Background Thread 3 ] DEBUG Engine               - isIntroEnabled: false
22:39:33.849 [FXGL Background Thread 3 ] DEBUG Engine               - isLinux: false
22:39:33.849 [FXGL Background Thread 3 ] DEBUG Engine               - isMac: false
22:39:33.849 [FXGL Background Thread 3 ] DEBUG Engine               - isMainMenuEnabled: false
22:39:33.849 [FXGL Background Thread 3 ] DEBUG Engine               - isManualResizeEnabled: false
22:39:33.849 [FXGL Background Thread 3 ] DEBUG Engine               - isMobile: false
22:39:33.849 [FXGL Background Thread 3 ] DEBUG Engine               - isNative: false
22:39:33.849 [FXGL Background Thread 3 ] DEBUG Engine               - isPauseMusicWhenMinimized: true
22:39:33.849 [FXGL Background Thread 3 ] DEBUG Engine               - isPreserveResizeRatio: false
22:39:33.849 [FXGL Background Thread 3 ] DEBUG Engine               - isProfilingEnabled: false
22:39:33.849 [FXGL Background Thread 3 ] DEBUG Engine               - isScaleAffectedOnResize: true
22:39:33.849 [FXGL Background Thread 3 ] DEBUG Engine               - isSingleStep: false
22:39:33.849 [FXGL Background Thread 3 ] DEBUG Engine               - isUserProfileEnabled: false
22:39:33.849 [FXGL Background Thread 3 ] DEBUG Engine               - isWindows: true
22:39:33.849 [FXGL Background Thread 3 ] DEBUG Engine               - language: ObjectProperty [value: ENGLISH]
22:39:33.849 [FXGL Background Thread 3 ] DEBUG Engine               - menuKey: ESCAPE
22:39:33.849 [FXGL Background Thread 3 ] DEBUG Engine               - mouseSensitivity: 0.2
22:39:33.849 [FXGL Background Thread 3 ] DEBUG Engine               - notificationViewClass: class com.almasb.fxgl.notification.view.XboxNotificationView
22:39:33.849 [FXGL Background Thread 3 ] DEBUG Engine               - pixelsPerMeter: 50.0
22:39:33.849 [FXGL Background Thread 3 ] DEBUG Engine               - platform: WINDOWS
22:39:33.849 [FXGL Background Thread 3 ] DEBUG Engine               - prefHeightProperty: ReadOnlyDoubleProperty [value: 600.0]
22:39:33.849 [FXGL Background Thread 3 ] DEBUG Engine               - prefWidthProperty: ReadOnlyDoubleProperty [value: 600.0]
22:39:33.849 [FXGL Background Thread 3 ] DEBUG Engine               - profileDir: profiles/
22:39:33.849 [FXGL Background Thread 3 ] DEBUG Engine               - profileName: StringProperty [value: DEFAULT]
22:39:33.849 [FXGL Background Thread 3 ] DEBUG Engine               - randomSeed: -1
22:39:33.849 [FXGL Background Thread 3 ] DEBUG Engine               - runtimeInfo: RuntimeInfo(platform=WINDOWS, version=17.3, build=30.03.2023 11.49)
22:39:33.849 [FXGL Background Thread 3 ] DEBUG Engine               - saveFileExt: sav
22:39:33.849 [FXGL Background Thread 3 ] DEBUG Engine               - scaledHeightProp$fxgl: DoubleProperty [bound, value: 600.0]
22:39:33.849 [FXGL Background Thread 3 ] DEBUG Engine               - scaledWidthProp$fxgl: DoubleProperty [bound, value: 600.0]
22:39:33.849 [FXGL Background Thread 3 ] DEBUG Engine               - sceneFactory: com.almasb.fxgl.app.scene.SceneFactory@4a13cf67
22:39:33.849 [FXGL Background Thread 3 ] DEBUG Engine               - secondsIn24h: 60
22:39:33.849 [FXGL Background Thread 3 ] DEBUG Engine               - soundMenuBack: menu/back.wav
22:39:33.849 [FXGL Background Thread 3 ] DEBUG Engine               - soundMenuPress: menu/press.wav
22:39:33.849 [FXGL Background Thread 3 ] DEBUG Engine               - soundMenuSelect: menu/select.wav
22:39:33.849 [FXGL Background Thread 3 ] DEBUG Engine               - soundNotification: core/notification.wav
22:39:33.849 [FXGL Background Thread 3 ] DEBUG Engine               - stageStyle: DECORATED
22:39:33.849 [FXGL Background Thread 3 ] DEBUG Engine               - supportedLanguages: [ENGLISH, FRENCH, GERMAN, HUNGARIAN, RUSSIAN]
22:39:33.849 [FXGL Background Thread 3 ] DEBUG Engine               - ticksPerSecond: -1
22:39:33.849 [FXGL Background Thread 3 ] DEBUG Engine               - title: Maze Escape Game - FXGL
22:39:33.849 [FXGL Background Thread 3 ] DEBUG Engine               - urlGithub: https://github.com/AlmasB/FXGL
22:39:33.849 [FXGL Background Thread 3 ] DEBUG Engine               - urlLeaderboard: http://fxgl-top.herokuapp.com/
22:39:33.849 [FXGL Background Thread 3 ] DEBUG Engine               - urlPOM: https://raw.githubusercontent.com/AlmasB/FXGL/release/README.md
22:39:33.849 [FXGL Background Thread 3 ] DEBUG Engine               - userAppClass: class com.example.mazegamefx.MazeGameApp
22:39:33.849 [FXGL Background Thread 3 ] DEBUG Engine               - version: 1.0
22:39:33.850 [FXGL Background Thread 3 ] DEBUG Engine               - versionCheckDays: 7
22:39:33.850 [FXGL Background Thread 3 ] DEBUG Engine               - width: 600
22:39:33.850 [FXGL Background Thread 3 ] DEBUG Engine               - Logging services
22:39:33.850 [FXGL Background Thread 3 ] DEBUG Engine               - class com.almasb.fxgl.app.services.FXGLAssetLoaderService
22:39:33.850 [FXGL Background Thread 3 ] DEBUG Engine               - class com.almasb.fxgl.app.FXGLApplication$GameApplicationService
22:39:33.850 [FXGL Background Thread 3 ] DEBUG Engine               - class com.almasb.fxgl.app.services.FXGLDialogService
22:39:33.850 [FXGL Background Thread 3 ] DEBUG Engine               - class com.almasb.fxgl.app.services.IOTaskExecutorService
22:39:33.850 [FXGL Background Thread 3 ] DEBUG Engine               - class com.almasb.fxgl.io.FileSystemService
22:39:33.850 [FXGL Background Thread 3 ] DEBUG Engine               - class com.almasb.fxgl.localization.LocalizationService
22:39:33.850 [FXGL Background Thread 3 ] DEBUG Engine               - class com.almasb.fxgl.app.services.SystemBundleService
22:39:33.850 [FXGL Background Thread 3 ] DEBUG Engine               - class com.almasb.fxgl.profile.SaveLoadService
22:39:33.850 [FXGL Background Thread 3 ] DEBUG Engine               - class com.almasb.fxgl.ui.FXGLUIFactoryServiceProvider
22:39:33.850 [FXGL Background Thread 3 ] DEBUG Engine               - class com.almasb.fxgl.ui.FXGLDialogFactoryServiceProvider
22:39:33.850 [FXGL Background Thread 3 ] DEBUG Engine               - class com.almasb.fxgl.audio.AudioPlayer
22:39:33.850 [FXGL Background Thread 3 ] DEBUG Engine               - class com.almasb.fxgl.notification.impl.NotificationServiceProvider
22:39:33.850 [FXGL Background Thread 3 ] DEBUG Engine               - class com.almasb.fxgl.achievement.AchievementService
22:39:33.850 [FXGL Background Thread 3 ] DEBUG Engine               - class com.almasb.fxgl.cutscene.CutsceneService
22:39:33.850 [FXGL Background Thread 3 ] DEBUG Engine               - class com.almasb.fxgl.minigames.MiniGameService
22:39:33.850 [FXGL Background Thread 3 ] DEBUG Engine               - class com.almasb.fxgl.net.NetService
22:39:33.850 [FXGL Background Thread 3 ] DEBUG Engine               - class com.almasb.fxgl.app.services.UpdaterService
22:39:33.850 [FXGL Background Thread 3 ] DEBUG Engine               - class com.almasb.fxgl.dev.DevService
22:39:37.940 [JavaFX Application Thread] DEBUG PrimaryStageWindow   - Push state: DialogSubScene
22:39:37.940 [JavaFX Application Thread] DEBUG Input                - Clearing active input actions
22:39:37.942 [JavaFX Application Thread] DEBUG GameApplicationServi - Removing overlay from GameScene and adding to DialogSubScene
22:39:37.942 [JavaFX Application Thread] DEBUG PrimaryStageWindow   - GameScene -> DialogSubScene
22:39:40.718 [JavaFX Application Thread] DEBUG PrimaryStageWindow   - Pop state: DialogSubScene
22:39:40.719 [JavaFX Application Thread] DEBUG Input                - Clearing active input actions
22:39:40.719 [JavaFX Application Thread] DEBUG GameApplicationServi - Removing overlay from DialogSubScene and adding to GameScene
22:39:40.719 [JavaFX Application Thread] DEBUG PrimaryStageWindow   - GameScene <- DialogSubScene
22:39:40.719 [JavaFX Application Thread] DEBUG GameApplicationServi - Starting new game
22:39:40.719 [JavaFX Application Thread] DEBUG Input                - Clearing active input actions
22:39:40.722 [JavaFX Application Thread] DEBUG GameApplicationServi - Removing overlay from GameScene and adding to FXGLLoadingScene
22:39:40.722 [JavaFX Application Thread] DEBUG PrimaryStageWindow   - GameScene -> FXGLLoadingScene
22:39:40.722 [JavaFX Application Thread] DEBUG GameApplicationServi - Clearing previous game
22:39:40.722 [JavaFX Application Thread] DEBUG GameScene            - Clearing game scene
22:39:40.722 [JavaFX Application Thread] DEBUG GameWorld            - Clearing game world
22:39:40.727 [JavaFX Application Thread] DEBUG PhysicsWorld         - Clearing physics world
22:39:40.727 [FXGL Background Thread 2 ] DEBUG FXGLApplication      - Initializing game
22:39:40.742 [FXGL Background Thread 2 ] INFO  FXGLApplication      - Game initialization took: 0.015 sec
22:39:40.746 [JavaFX Application Thread] DEBUG Input                - Clearing active input actions
22:39:40.749 [JavaFX Application Thread] DEBUG GameApplicationServi - Removing overlay from FXGLLoadingScene and adding to GameScene
22:39:40.749 [JavaFX Application Thread] DEBUG PrimaryStageWindow   - FXGLLoadingScene -> GameScene
22:39:44.786 [JavaFX Application Thread] DEBUG PrimaryStageWindow   - Push state: DialogSubScene
22:39:44.786 [JavaFX Application Thread] DEBUG Input                - Clearing active input actions
22:39:44.786 [JavaFX Application Thread] DEBUG GameApplicationServi - Removing overlay from GameScene and adding to DialogSubScene
22:39:44.787 [JavaFX Application Thread] DEBUG PrimaryStageWindow   - GameScene -> DialogSubScene
22:39:47.018 [JavaFX Application Thread] DEBUG PrimaryStageWindow   - Pop state: DialogSubScene
22:39:47.018 [JavaFX Application Thread] DEBUG Input                - Clearing active input actions
22:39:47.018 [JavaFX Application Thread] DEBUG GameApplicationServi - Removing overlay from DialogSubScene and adding to GameScene
22:39:47.018 [JavaFX Application Thread] DEBUG PrimaryStageWindow   - GameScene <- DialogSubScene
22:39:47.018 [JavaFX Application Thread] DEBUG GameApplicationServi - Starting new game
22:39:47.018 [JavaFX Application Thread] DEBUG Input                - Clearing active input actions
22:39:47.021 [JavaFX Application Thread] DEBUG GameApplicationServi - Removing overlay from GameScene and adding to FXGLLoadingScene
22:39:47.021 [JavaFX Application Thread] DEBUG PrimaryStageWindow   - GameScene -> FXGLLoadingScene
22:39:47.021 [JavaFX Application Thread] DEBUG GameApplicationServi - Clearing previous game
22:39:47.021 [JavaFX Application Thread] DEBUG GameScene            - Clearing game scene
22:39:47.021 [JavaFX Application Thread] DEBUG GameWorld            - Clearing game world
22:39:47.023 [JavaFX Application Thread] DEBUG PhysicsWorld         - Clearing physics world
22:39:47.024 [FXGL Background Thread 2 ] DEBUG FXGLApplication      - Initializing game
22:39:47.030 [FXGL Background Thread 2 ] INFO  FXGLApplication      - Game initialization took: 0.006 sec
22:39:47.031 [JavaFX Application Thread] DEBUG Input                - Clearing active input actions
22:39:47.033 [JavaFX Application Thread] DEBUG GameApplicationServi - Removing overlay from FXGLLoadingScene and adding to GameScene
22:39:47.033 [JavaFX Application Thread] DEBUG PrimaryStageWindow   - FXGLLoadingScene -> GameScene
22:39:49.329 [JavaFX Application Thread] DEBUG PrimaryStageWindow   - Push state: DialogSubScene
22:39:49.329 [JavaFX Application Thread] DEBUG Input                - Clearing active input actions
22:39:49.329 [JavaFX Application Thread] DEBUG GameApplicationServi - Removing overlay from GameScene and adding to DialogSubScene
22:39:49.330 [JavaFX Application Thread] DEBUG PrimaryStageWindow   - GameScene -> DialogSubScene
22:39:50.123 [JavaFX Application Thread] DEBUG PrimaryStageWindow   - Pop state: DialogSubScene
22:39:50.123 [JavaFX Application Thread] DEBUG Input                - Clearing active input actions
22:39:50.123 [JavaFX Application Thread] DEBUG GameApplicationServi - Removing overlay from DialogSubScene and adding to GameScene
22:39:50.123 [JavaFX Application Thread] DEBUG PrimaryStageWindow   - GameScene <- DialogSubScene
22:39:50.123 [JavaFX Application Thread] DEBUG GameApplicationServi - Starting new game
22:39:50.123 [JavaFX Application Thread] DEBUG Input                - Clearing active input actions
22:39:50.125 [JavaFX Application Thread] DEBUG GameApplicationServi - Removing overlay from GameScene and adding to FXGLLoadingScene
22:39:50.125 [JavaFX Application Thread] DEBUG PrimaryStageWindow   - GameScene -> FXGLLoadingScene
22:39:50.126 [JavaFX Application Thread] DEBUG GameApplicationServi - Clearing previous game
22:39:50.126 [JavaFX Application Thread] DEBUG GameScene            - Clearing game scene
22:39:50.126 [JavaFX Application Thread] DEBUG GameWorld            - Clearing game world
22:39:50.127 [JavaFX Application Thread] DEBUG PhysicsWorld         - Clearing physics world
22:39:50.127 [FXGL Background Thread 2 ] DEBUG FXGLApplication      - Initializing game
22:39:50.131 [FXGL Background Thread 2 ] INFO  FXGLApplication      - Game initialization took: 0.004 sec
22:39:50.132 [JavaFX Application Thread] DEBUG Input                - Clearing active input actions
22:39:50.134 [JavaFX Application Thread] DEBUG GameApplicationServi - Removing overlay from FXGLLoadingScene and adding to GameScene
22:39:50.134 [JavaFX Application Thread] DEBUG PrimaryStageWindow   - FXGLLoadingScene -> GameScene
22:39:54.162 [JavaFX Application Thread] DEBUG PrimaryStageWindow   - Push state: DialogSubScene
22:39:54.162 [JavaFX Application Thread] DEBUG Input                - Clearing active input actions
22:39:54.162 [JavaFX Application Thread] DEBUG GameApplicationServi - Removing overlay from GameScene and adding to DialogSubScene
22:39:54.162 [JavaFX Application Thread] DEBUG PrimaryStageWindow   - GameScene -> DialogSubScene
22:39:55.880 [JavaFX Application Thread] DEBUG PrimaryStageWindow   - Pop state: DialogSubScene
22:39:55.880 [JavaFX Application Thread] DEBUG Input                - Clearing active input actions
22:39:55.881 [JavaFX Application Thread] DEBUG GameApplicationServi - Removing overlay from DialogSubScene and adding to GameScene
22:39:55.881 [JavaFX Application Thread] DEBUG PrimaryStageWindow   - GameScene <- DialogSubScene
22:39:55.881 [JavaFX Application Thread] DEBUG GameApplicationServi - Starting new game
22:39:55.881 [JavaFX Application Thread] DEBUG Input                - Clearing active input actions
22:39:55.883 [JavaFX Application Thread] DEBUG GameApplicationServi - Removing overlay from GameScene and adding to FXGLLoadingScene
22:39:55.883 [JavaFX Application Thread] DEBUG PrimaryStageWindow   - GameScene -> FXGLLoadingScene
22:39:55.883 [JavaFX Application Thread] DEBUG GameApplicationServi - Clearing previous game
22:39:55.883 [JavaFX Application Thread] DEBUG GameScene            - Clearing game scene
22:39:55.883 [JavaFX Application Thread] DEBUG GameWorld            - Clearing game world
22:39:55.884 [JavaFX Application Thread] DEBUG PhysicsWorld         - Clearing physics world
22:39:55.884 [FXGL Background Thread 2 ] DEBUG FXGLApplication      - Initializing game
22:39:55.891 [FXGL Background Thread 2 ] INFO  FXGLApplication      - Game initialization took: 0.006 sec
22:39:55.891 [JavaFX Application Thread] DEBUG Input                - Clearing active input actions
22:39:55.893 [JavaFX Application Thread] DEBUG GameApplicationServi - Removing overlay from FXGLLoadingScene and adding to GameScene
22:39:55.893 [JavaFX Application Thread] DEBUG PrimaryStageWindow   - FXGLLoadingScene -> GameScene
22:39:58.599 [JavaFX Application Thread] DEBUG FXGLApplication      - Exiting FXGL
22:39:58.599 [JavaFX Application Thread] DEBUG LoopRunner           - Stopping loop
22:39:58.599 [JavaFX Application Thread] DEBUG SystemBundleService  - Saving FXGL system data
22:39:58.601 [JavaFX Application Thread] DEBUG FileSystemAccess     - Writing to: C:\Users\frank\OneDrive\Desktop\MazeGameFX\system\fxgl.bundle
22:39:58.603 [JavaFX Application Thread] DEBUG Async                - Shutting down background threads
22:39:58.603 [JavaFX Application Thread] DEBUG PrimaryStageWindow   - Closing main window
22:39:58.631 [JavaFX Application Thread] DEBUG Logger               - Closing Logger
