22:47:59.736 [main                     ] DEBUG Logger               - Configured Logger
22:47:59.742 [main                     ] DEBUG GameApplication      - Logging settings
Title: Maze Escape Game - FXGL
Version: 1.0
Width: 600
Height: 600
Fullscreen: false
Intro: false
Profiling: false
Single step:false
App Mode: DEVELOPER
Menu Key: ESCAPE
Stage Style: DECORATED
Scene Factory: class com.almasb.fxgl.app.scene.SceneFactory

22:48:00.260 [JavaFX Application Thread] DEBUG FXGLApplication      - Initializing FXGL
22:48:00.262 [JavaFX Application Thread] INFO  Engine               - FXGL-17.3 (30.03.2023 11.49) on WINDOWS (J:25 FX:21.0.6)
22:48:00.263 [JavaFX Application Thread] DEBUG Engine               - JRE Vendor Name: Oracle Corporation
22:48:00.263 [JavaFX Application Thread] DEBUG Engine               - Running on OS: Windows 11 version 10.0
22:48:00.263 [JavaFX Application Thread] DEBUG Engine               - Architecture: amd64
22:48:00.263 [JavaFX Application Thread] INFO  Engine               - Source code and latest versions at: https://github.com/AlmasB/FXGL
22:48:00.263 [JavaFX Application Thread] INFO  Engine               -       Ask questions and discuss at: https://github.com/AlmasB/FXGL/discussions
22:48:00.263 [JavaFX Application Thread] INFO  Engine               -              Join the FXGL chat at: https://gitter.im/AlmasB/FXGL
22:48:00.327 [JavaFX Application Thread] DEBUG PrimaryStageWindow   - Creating a JavaFX scene
22:48:00.362 [JavaFX Application Thread] DEBUG PrimaryStageWindow   - Target settings size: 600.0 x 600.0
22:48:00.362 [JavaFX Application Thread] DEBUG PrimaryStageWindow   - Scaled scene size:    600.0 x 600.0
22:48:00.362 [JavaFX Application Thread] DEBUG PrimaryStageWindow   - Scaled ratio: (1.0, 1.0)
22:48:00.363 [JavaFX Application Thread] DEBUG PrimaryStageWindow   - Set initial scene to FXGLStartupScene
22:48:00.365 [JavaFX Application Thread] DEBUG PrimaryStageWindow   - Opening main window
22:48:00.461 [JavaFX Application Thread] DEBUG PrimaryStageWindow   - Window border size: (14.4000244140625, 37.5999755859375)
22:48:00.461 [JavaFX Application Thread] DEBUG PrimaryStageWindow   - Scaled size: 600.0 x 600.0
22:48:00.461 [JavaFX Application Thread] DEBUG PrimaryStageWindow   - Scaled ratio: (1.0, 1.0)
22:48:00.462 [JavaFX Application Thread] DEBUG PrimaryStageWindow   - Scene size: 600.0 x 600.0
22:48:00.462 [JavaFX Application Thread] DEBUG PrimaryStageWindow   - Stage size: 614.4000244140625 x 637.5999755859375
22:48:00.468 [FXGL Background Thread 1 ] DEBUG Engine               - Initializing environment variables
22:48:00.507 [FXGL Background Thread 1 ] DEBUG FXGLAssetLoaderServi - User app class for loading assets: class com.example.mazegamefx.MazeGameApp
22:48:00.507 [FXGL Background Thread 1 ] DEBUG GameApplicationServi - Applying CSS: fxgl_dark.css
22:48:00.508 [FXGL Background Thread 1 ] DEBUG FXGLAssetLoaderServi - Loading from file system: jar:file:///C:/Users/frank/.m2/repository/com/github/almasb/fxgl/17.3/fxgl-17.3.jar!/fxglassets/ui/css/fxgl_dark.css
22:48:00.545 [FXGL Background Thread 1 ] DEBUG GameApplicationServi - Initializing application scenes
22:48:00.620 [FXGL Background Thread 1 ] DEBUG GameWorld            - Game world initialized
22:48:00.656 [FXGL Background Thread 1 ] DEBUG PhysicsWorld         - Physics world initialized: appHeight=600, physics.ppm=50.0
22:48:00.656 [FXGL Background Thread 1 ] DEBUG PhysicsWorld         - Using strategy: BRUTE_FORCE
22:48:00.659 [FXGL Background Thread 1 ] DEBUG GameScene            - Game scene initialized: 600x600
22:48:00.668 [FXGL Background Thread 1 ] WARN  FXGL.DefaultMenu     - FXGLDefaultMenu is not designed for resolutions < 800x600
22:48:00.668 [FXGL Background Thread 1 ] DEBUG FXGL.DefaultMenu     - createMenuBodyGameMenu()
22:48:00.677 [FXGL Background Thread 1 ] DEBUG FXGL.DefaultMenu     - createOptionsMenu()
22:48:00.685 [FXGL Background Thread 1 ] DEBUG FXGLAssetLoaderServi - Loading from file system: jar:file:///C:/Users/frank/.m2/repository/com/github/almasb/fxgl/17.3/fxgl-17.3.jar!/fxglassets/textures/particles/smoke.png
22:48:00.739 [FXGL Background Thread 1 ] DEBUG FXGLAssetLoaderServi - Loading from file system: jar:file:///C:/Users/frank/.m2/repository/com/github/almasb/fxgl/17.3/fxgl-17.3.jar!/fxglassets/textures/particles/trace_horizontal.png
22:48:00.759 [FXGL Background Thread 1 ] DEBUG GameApplicationServi - Application scenes initialized
22:48:00.767 [FXGL Background Thread 1 ] DEBUG SystemBundleService  - Loading FXGL system data
22:48:00.770 [FXGL Background Thread 1 ] DEBUG FileSystemAccess     - Reading from: C:\Users\frank\OneDrive\Desktop\MazeGameFX\system\fxgl.bundle
22:48:00.775 [FXGL Background Thread 1 ] DEBUG SystemBundleService  - Bundle FXGL: {}
22:48:00.775 [FXGL Background Thread 1 ] DEBUG UpdaterService       - Checking for updates
22:48:00.778 [FXGL Background Thread 4 ] DEBUG FXGLApplication      - Loading fonts
22:48:00.778 [FXGL Background Thread 1 ] DEBUG FXGLApplication      - Loading default localization
22:48:00.778 [FXGL Background Thread 4 ] DEBUG FXGLAssetLoaderServi - Loading from file system: jar:file:///C:/Users/frank/.m2/repository/com/github/almasb/fxgl/17.3/fxgl-17.3.jar!/fxglassets/ui/fonts/VarelaRound-Regular.ttf
22:48:00.778 [FXGL Background Thread 1 ] DEBUG FXGLAssetLoaderServi - Loading from file system: jar:file:///C:/Users/frank/.m2/repository/com/github/almasb/fxgl/17.3/fxgl-17.3.jar!/fxglassets/languages/english.lang
22:48:00.789 [FXGL Background Thread 1 ] INFO  FXGLApplication      - FXGL initialization took: 0.321 sec
22:48:00.795 [JavaFX Application Thread] DEBUG Input                - Registered new binding: Move Up - W
22:48:00.795 [JavaFX Application Thread] DEBUG Input                - Registered new binding: Move Up Alt - Up
22:48:00.795 [JavaFX Application Thread] DEBUG Input                - Registered new binding: Move Down - S
22:48:00.796 [JavaFX Application Thread] DEBUG Input                - Registered new binding: Move Down Alt - Down
22:48:00.796 [JavaFX Application Thread] DEBUG Input                - Registered new binding: Move Left - A
22:48:00.796 [JavaFX Application Thread] DEBUG Input                - Registered new binding: Move Left Alt - Left
22:48:00.797 [JavaFX Application Thread] DEBUG Input                - Registered new binding: Move Right - D
22:48:00.797 [JavaFX Application Thread] DEBUG Input                - Registered new binding: Move Right Alt - Right
22:48:00.798 [JavaFX Application Thread] DEBUG Input                - Registered new binding: Restart - R
22:48:00.798 [JavaFX Application Thread] DEBUG FXGLAssetLoaderServi - Loading from file system: jar:file:///C:/Users/frank/.m2/repository/com/github/almasb/fxgl/17.3/fxgl-17.3.jar!/fxglassets/textures/fxgl_icon.png
22:48:00.808 [FXGL Background Thread 4 ] DEBUG FXGLAssetLoaderServi - Loading from file system: jar:file:///C:/Users/frank/.m2/repository/com/github/almasb/fxgl/17.3/fxgl-17.3.jar!/fxglassets/ui/fonts/Abel-Regular.ttf
22:48:00.812 [FXGL Background Thread 4 ] DEBUG FXGLAssetLoaderServi - Loading from file system: jar:file:///C:/Users/frank/.m2/repository/com/github/almasb/fxgl/17.3/fxgl-17.3.jar!/fxglassets/ui/fonts/TerminalLandMono-Regular.otf
22:48:00.815 [JavaFX Application Thread] DEBUG FXGLAssetLoaderServi - Loading from file system: jar:file:///C:/Users/frank/.m2/repository/com/github/almasb/fxgl/17.3/fxgl-17.3.jar!/fxglassets/textures/fxgl_default_cursor.png
22:48:00.817 [FXGL Background Thread 4 ] DEBUG FXGLAssetLoaderServi - Loading from file system: jar:file:///C:/Users/frank/.m2/repository/com/github/almasb/fxgl/17.3/fxgl-17.3.jar!/fxglassets/ui/fonts/Courier-Prime.ttf
22:48:00.817 [JavaFX Application Thread] DEBUG Input                - Registered new binding: Screenshot - CTRL+8
22:48:00.818 [JavaFX Application Thread] DEBUG Input                - Registered new binding: System info dump - CTRL+9
22:48:00.818 [JavaFX Application Thread] DEBUG Input                - Registered new binding: Restart - CTRL+R
22:48:00.819 [JavaFX Application Thread] DEBUG Input                - Registered new binding: Toggle Debug Camera - CTRL+7
22:48:00.820 [JavaFX Application Thread] DEBUG LoopRunner           - Starting loop
22:48:00.820 [JavaFX Application Thread] DEBUG LoopRunner           - Initializing JavaFX AnimationTimerLoop
22:48:00.821 [JavaFX Application Thread] DEBUG GameApplicationServi - Starting new game
22:48:00.822 [JavaFX Application Thread] DEBUG Input                - Clearing active input actions
22:48:00.829 [JavaFX Application Thread] DEBUG GameApplicationServi - Removing overlay from FXGLStartupScene and adding to FXGLLoadingScene
22:48:00.830 [JavaFX Application Thread] DEBUG PrimaryStageWindow   - FXGLStartupScene -> FXGLLoadingScene
22:48:00.830 [JavaFX Application Thread] DEBUG GameApplicationServi - Clearing previous game
22:48:00.830 [JavaFX Application Thread] DEBUG GameScene            - Clearing game scene
22:48:00.830 [JavaFX Application Thread] DEBUG GameWorld            - Clearing game world
22:48:00.830 [JavaFX Application Thread] DEBUG PhysicsWorld         - Clearing physics world
22:48:00.832 [FXGL Background Thread 4 ] DEBUG FXGLApplication      - Initializing game
22:48:00.832 [JavaFX Application Thread] DEBUG FXGLApplication      - Registering font factories with UI factory
22:48:00.908 [FXGL Background Thread 4 ] INFO  FXGLApplication      - Game initialization took: 0.076 sec
22:48:00.920 [JavaFX Application Thread] DEBUG Input                - Clearing active input actions
22:48:00.926 [JavaFX Application Thread] DEBUG GameApplicationServi - Removing overlay from FXGLLoadingScene and adding to GameScene
22:48:00.927 [JavaFX Application Thread] DEBUG PrimaryStageWindow   - FXGLLoadingScene -> GameScene
22:48:01.070 [FXGL Background Thread 2 ] INFO  UpdaterService       - Your current version:  17.3
22:48:01.071 [FXGL Background Thread 2 ] INFO  UpdaterService       - Latest stable version: 21.1
22:48:03.778 [FXGL Background Thread 3 ] DEBUG Engine               - Logging environment variables
22:48:03.779 [FXGL Background Thread 3 ] DEBUG Engine               - achievements: []
22:48:03.779 [FXGL Background Thread 3 ] DEBUG Engine               - actualHeight: 600.0
22:48:03.779 [FXGL Background Thread 3 ] DEBUG Engine               - actualHeightProperty: ReadOnlyDoubleProperty [value: 600.0]
22:48:03.779 [FXGL Background Thread 3 ] DEBUG Engine               - actualWidth: 600.0
22:48:03.779 [FXGL Background Thread 3 ] DEBUG Engine               - actualWidthProperty: ReadOnlyDoubleProperty [value: 600.0]
22:48:03.779 [FXGL Background Thread 3 ] DEBUG Engine               - appIcon: fxgl_icon.png
22:48:03.779 [FXGL Background Thread 3 ] DEBUG Engine               - applicationMode: DEVELOPER
22:48:03.779 [FXGL Background Thread 3 ] DEBUG Engine               - cSSList: [fxgl_dark.css]
22:48:03.779 [FXGL Background Thread 3 ] DEBUG Engine               - collisionDetectionStrategy: BRUTE_FORCE
22:48:03.779 [FXGL Background Thread 3 ] DEBUG Engine               - configClass: Optional.empty
22:48:03.779 [FXGL Background Thread 3 ] DEBUG Engine               - credits: []
22:48:03.779 [FXGL Background Thread 3 ] DEBUG Engine               - defaultCursor: CursorInfo(imageName=fxgl_default_cursor.png, hotspotX=7.0, hotspotY=6.0)
22:48:03.779 [FXGL Background Thread 3 ] DEBUG Engine               - devBBoxColorProperty: ObjectProperty [value: 0xff0000ff]
22:48:03.779 [FXGL Background Thread 3 ] DEBUG Engine               - devEnableDebugCameraProperty: BooleanProperty [value: false]
22:48:03.779 [FXGL Background Thread 3 ] DEBUG Engine               - devSensorColorProperty: ObjectProperty [value: 0xffff00ff]
22:48:03.779 [FXGL Background Thread 3 ] DEBUG Engine               - devShowBBoxProperty: BooleanProperty [value: false]
22:48:03.779 [FXGL Background Thread 3 ] DEBUG Engine               - devShowPositionProperty: BooleanProperty [value: false]
22:48:03.779 [FXGL Background Thread 3 ] DEBUG Engine               - enabledMenuItems: []
22:48:03.779 [FXGL Background Thread 3 ] DEBUG Engine               - engineServices: [class com.almasb.fxgl.app.services.FXGLAssetLoaderService, class com.almasb.fxgl.app.FXGLApplication$GameApplicationService, class com.almasb.fxgl.app.services.FXGLDialogService, class com.almasb.fxgl.app.services.IOTaskExecutorService, class com.almasb.fxgl.io.FileSystemService, class com.almasb.fxgl.localization.LocalizationService, class com.almasb.fxgl.app.services.SystemBundleService, class com.almasb.fxgl.profile.SaveLoadService, class com.almasb.fxgl.ui.FXGLUIFactoryServiceProvider, class com.almasb.fxgl.ui.FXGLDialogFactoryServiceProvider, class com.almasb.fxgl.audio.AudioPlayer, class com.almasb.fxgl.notification.impl.NotificationServiceProvider, class com.almasb.fxgl.achievement.AchievementService, class com.almasb.fxgl.cutscene.CutsceneService, class com.almasb.fxgl.minigames.MiniGameService, class com.almasb.fxgl.net.NetService, class com.almasb.fxgl.app.services.UpdaterService, class com.almasb.fxgl.dev.DevService]
22:48:03.779 [FXGL Background Thread 3 ] DEBUG Engine               - fontGame: Abel-Regular.ttf
22:48:03.779 [FXGL Background Thread 3 ] DEBUG Engine               - fontMono: TerminalLandMono-Regular.otf
22:48:03.779 [FXGL Background Thread 3 ] DEBUG Engine               - fontSizeScaleUI: 1.0
22:48:03.779 [FXGL Background Thread 3 ] DEBUG Engine               - fontText: Courier-Prime.ttf
22:48:03.779 [FXGL Background Thread 3 ] DEBUG Engine               - fontUI: VarelaRound-Regular.ttf
22:48:03.779 [FXGL Background Thread 3 ] DEBUG Engine               - fullScreen: BooleanProperty [value: false]
22:48:03.779 [FXGL Background Thread 3 ] DEBUG Engine               - gameDifficulty: MEDIUM
22:48:03.779 [FXGL Background Thread 3 ] DEBUG Engine               - gameDifficultyProperty: ObjectProperty [value: MEDIUM]
22:48:03.779 [FXGL Background Thread 3 ] DEBUG Engine               - globalMusicVolume: 0.5
22:48:03.779 [FXGL Background Thread 3 ] DEBUG Engine               - globalMusicVolumeProperty: DoubleProperty [value: 0.5]
22:48:03.779 [FXGL Background Thread 3 ] DEBUG Engine               - globalSoundVolume: 0.5
22:48:03.779 [FXGL Background Thread 3 ] DEBUG Engine               - globalSoundVolumeProperty: DoubleProperty [value: 0.5]
22:48:03.779 [FXGL Background Thread 3 ] DEBUG Engine               - height: 600
22:48:03.781 [FXGL Background Thread 3 ] DEBUG Engine               - is3D: false
22:48:03.781 [FXGL Background Thread 3 ] DEBUG Engine               - isAndroid: false
22:48:03.781 [FXGL Background Thread 3 ] DEBUG Engine               - isBrowser: false
22:48:03.781 [FXGL Background Thread 3 ] DEBUG Engine               - isClickFeedbackEnabled: false
22:48:03.781 [FXGL Background Thread 3 ] DEBUG Engine               - isCloseConfirmation: false
22:48:03.781 [FXGL Background Thread 3 ] DEBUG Engine               - isDesktop: true
22:48:03.781 [FXGL Background Thread 3 ] DEBUG Engine               - isDeveloperMenuEnabled: false
22:48:03.781 [FXGL Background Thread 3 ] DEBUG Engine               - isEmbedded: false
22:48:03.781 [FXGL Background Thread 3 ] DEBUG Engine               - isEntityPreloadEnabled: true
22:48:03.781 [FXGL Background Thread 3 ] DEBUG Engine               - isExperimentalTiledLargeMap: false
22:48:03.781 [FXGL Background Thread 3 ] DEBUG Engine               - isFileSystemWriteAllowed: true
22:48:03.781 [FXGL Background Thread 3 ] DEBUG Engine               - isFullScreenAllowed: false
22:48:03.781 [FXGL Background Thread 3 ] DEBUG Engine               - isFullScreenFromStart: false
22:48:03.781 [FXGL Background Thread 3 ] DEBUG Engine               - isGameMenuEnabled: true
22:48:03.781 [FXGL Background Thread 3 ] DEBUG Engine               - isIOS: false
22:48:03.781 [FXGL Background Thread 3 ] DEBUG Engine               - isIntroEnabled: false
22:48:03.781 [FXGL Background Thread 3 ] DEBUG Engine               - isLinux: false
22:48:03.781 [FXGL Background Thread 3 ] DEBUG Engine               - isMac: false
22:48:03.781 [FXGL Background Thread 3 ] DEBUG Engine               - isMainMenuEnabled: false
22:48:03.781 [FXGL Background Thread 3 ] DEBUG Engine               - isManualResizeEnabled: false
22:48:03.781 [FXGL Background Thread 3 ] DEBUG Engine               - isMobile: false
22:48:03.781 [FXGL Background Thread 3 ] DEBUG Engine               - isNative: false
22:48:03.781 [FXGL Background Thread 3 ] DEBUG Engine               - isPauseMusicWhenMinimized: true
22:48:03.781 [FXGL Background Thread 3 ] DEBUG Engine               - isPreserveResizeRatio: false
22:48:03.781 [FXGL Background Thread 3 ] DEBUG Engine               - isProfilingEnabled: false
22:48:03.781 [FXGL Background Thread 3 ] DEBUG Engine               - isScaleAffectedOnResize: true
22:48:03.781 [FXGL Background Thread 3 ] DEBUG Engine               - isSingleStep: false
22:48:03.781 [FXGL Background Thread 3 ] DEBUG Engine               - isUserProfileEnabled: false
22:48:03.781 [FXGL Background Thread 3 ] DEBUG Engine               - isWindows: true
22:48:03.781 [FXGL Background Thread 3 ] DEBUG Engine               - language: ObjectProperty [value: ENGLISH]
22:48:03.781 [FXGL Background Thread 3 ] DEBUG Engine               - menuKey: ESCAPE
22:48:03.781 [FXGL Background Thread 3 ] DEBUG Engine               - mouseSensitivity: 0.2
22:48:03.781 [FXGL Background Thread 3 ] DEBUG Engine               - notificationViewClass: class com.almasb.fxgl.notification.view.XboxNotificationView
22:48:03.781 [FXGL Background Thread 3 ] DEBUG Engine               - pixelsPerMeter: 50.0
22:48:03.781 [FXGL Background Thread 3 ] DEBUG Engine               - platform: WINDOWS
22:48:03.781 [FXGL Background Thread 3 ] DEBUG Engine               - prefHeightProperty: ReadOnlyDoubleProperty [value: 600.0]
22:48:03.781 [FXGL Background Thread 3 ] DEBUG Engine               - prefWidthProperty: ReadOnlyDoubleProperty [value: 600.0]
22:48:03.781 [FXGL Background Thread 3 ] DEBUG Engine               - profileDir: profiles/
22:48:03.781 [FXGL Background Thread 3 ] DEBUG Engine               - profileName: StringProperty [value: DEFAULT]
22:48:03.781 [FXGL Background Thread 3 ] DEBUG Engine               - randomSeed: -1
22:48:03.782 [FXGL Background Thread 3 ] DEBUG Engine               - runtimeInfo: RuntimeInfo(platform=WINDOWS, version=17.3, build=30.03.2023 11.49)
22:48:03.782 [FXGL Background Thread 3 ] DEBUG Engine               - saveFileExt: sav
22:48:03.782 [FXGL Background Thread 3 ] DEBUG Engine               - scaledHeightProp$fxgl: DoubleProperty [bound, value: 600.0]
22:48:03.782 [FXGL Background Thread 3 ] DEBUG Engine               - scaledWidthProp$fxgl: DoubleProperty [bound, value: 600.0]
22:48:03.782 [FXGL Background Thread 3 ] DEBUG Engine               - sceneFactory: com.almasb.fxgl.app.scene.SceneFactory@695bf222
22:48:03.782 [FXGL Background Thread 3 ] DEBUG Engine               - secondsIn24h: 60
22:48:03.782 [FXGL Background Thread 3 ] DEBUG Engine               - soundMenuBack: menu/back.wav
22:48:03.782 [FXGL Background Thread 3 ] DEBUG Engine               - soundMenuPress: menu/press.wav
22:48:03.782 [FXGL Background Thread 3 ] DEBUG Engine               - soundMenuSelect: menu/select.wav
22:48:03.782 [FXGL Background Thread 3 ] DEBUG Engine               - soundNotification: core/notification.wav
22:48:03.782 [FXGL Background Thread 3 ] DEBUG Engine               - stageStyle: DECORATED
22:48:03.782 [FXGL Background Thread 3 ] DEBUG Engine               - supportedLanguages: [ENGLISH, FRENCH, GERMAN, HUNGARIAN, RUSSIAN]
22:48:03.782 [FXGL Background Thread 3 ] DEBUG Engine               - ticksPerSecond: -1
22:48:03.782 [FXGL Background Thread 3 ] DEBUG Engine               - title: Maze Escape Game - FXGL
22:48:03.782 [FXGL Background Thread 3 ] DEBUG Engine               - urlGithub: https://github.com/AlmasB/FXGL
22:48:03.782 [FXGL Background Thread 3 ] DEBUG Engine               - urlLeaderboard: http://fxgl-top.herokuapp.com/
22:48:03.782 [FXGL Background Thread 3 ] DEBUG Engine               - urlPOM: https://raw.githubusercontent.com/AlmasB/FXGL/release/README.md
22:48:03.782 [FXGL Background Thread 3 ] DEBUG Engine               - userAppClass: class com.example.mazegamefx.MazeGameApp
22:48:03.782 [FXGL Background Thread 3 ] DEBUG Engine               - version: 1.0
22:48:03.782 [FXGL Background Thread 3 ] DEBUG Engine               - versionCheckDays: 7
22:48:03.782 [FXGL Background Thread 3 ] DEBUG Engine               - width: 600
22:48:03.782 [FXGL Background Thread 3 ] DEBUG Engine               - Logging services
22:48:03.782 [FXGL Background Thread 3 ] DEBUG Engine               - class com.almasb.fxgl.app.services.FXGLAssetLoaderService
22:48:03.782 [FXGL Background Thread 3 ] DEBUG Engine               - class com.almasb.fxgl.app.FXGLApplication$GameApplicationService
22:48:03.782 [FXGL Background Thread 3 ] DEBUG Engine               - class com.almasb.fxgl.app.services.FXGLDialogService
22:48:03.782 [FXGL Background Thread 3 ] DEBUG Engine               - class com.almasb.fxgl.app.services.IOTaskExecutorService
22:48:03.782 [FXGL Background Thread 3 ] DEBUG Engine               - class com.almasb.fxgl.io.FileSystemService
22:48:03.782 [FXGL Background Thread 3 ] DEBUG Engine               - class com.almasb.fxgl.localization.LocalizationService
22:48:03.782 [FXGL Background Thread 3 ] DEBUG Engine               - class com.almasb.fxgl.app.services.SystemBundleService
22:48:03.782 [FXGL Background Thread 3 ] DEBUG Engine               - class com.almasb.fxgl.profile.SaveLoadService
22:48:03.782 [FXGL Background Thread 3 ] DEBUG Engine               - class com.almasb.fxgl.ui.FXGLUIFactoryServiceProvider
22:48:03.782 [FXGL Background Thread 3 ] DEBUG Engine               - class com.almasb.fxgl.ui.FXGLDialogFactoryServiceProvider
22:48:03.782 [FXGL Background Thread 3 ] DEBUG Engine               - class com.almasb.fxgl.audio.AudioPlayer
22:48:03.782 [FXGL Background Thread 3 ] DEBUG Engine               - class com.almasb.fxgl.notification.impl.NotificationServiceProvider
22:48:03.782 [FXGL Background Thread 3 ] DEBUG Engine               - class com.almasb.fxgl.achievement.AchievementService
22:48:03.782 [FXGL Background Thread 3 ] DEBUG Engine               - class com.almasb.fxgl.cutscene.CutsceneService
22:48:03.782 [FXGL Background Thread 3 ] DEBUG Engine               - class com.almasb.fxgl.minigames.MiniGameService
22:48:03.782 [FXGL Background Thread 3 ] DEBUG Engine               - class com.almasb.fxgl.net.NetService
22:48:03.782 [FXGL Background Thread 3 ] DEBUG Engine               - class com.almasb.fxgl.app.services.UpdaterService
22:48:03.782 [FXGL Background Thread 3 ] DEBUG Engine               - class com.almasb.fxgl.dev.DevService
22:48:13.598 [JavaFX Application Thread] DEBUG PrimaryStageWindow   - Push state: DialogSubScene
22:48:13.599 [JavaFX Application Thread] DEBUG Input                - Clearing active input actions
22:48:13.600 [JavaFX Application Thread] DEBUG GameApplicationServi - Removing overlay from GameScene and adding to DialogSubScene
22:48:13.600 [JavaFX Application Thread] DEBUG PrimaryStageWindow   - GameScene -> DialogSubScene
22:48:15.632 [JavaFX Application Thread] DEBUG PrimaryStageWindow   - Pop state: DialogSubScene
22:48:15.632 [JavaFX Application Thread] DEBUG Input                - Clearing active input actions
22:48:15.633 [JavaFX Application Thread] DEBUG GameApplicationServi - Removing overlay from DialogSubScene and adding to GameScene
22:48:15.633 [JavaFX Application Thread] DEBUG PrimaryStageWindow   - GameScene <- DialogSubScene
22:48:15.633 [JavaFX Application Thread] DEBUG GameApplicationServi - Starting new game
22:48:15.633 [JavaFX Application Thread] DEBUG Input                - Clearing active input actions
22:48:15.636 [JavaFX Application Thread] DEBUG GameApplicationServi - Removing overlay from GameScene and adding to FXGLLoadingScene
22:48:15.637 [JavaFX Application Thread] DEBUG PrimaryStageWindow   - GameScene -> FXGLLoadingScene
22:48:15.637 [JavaFX Application Thread] DEBUG GameApplicationServi - Clearing previous game
22:48:15.637 [JavaFX Application Thread] DEBUG GameScene            - Clearing game scene
22:48:15.637 [JavaFX Application Thread] DEBUG GameWorld            - Clearing game world
22:48:15.641 [JavaFX Application Thread] DEBUG PhysicsWorld         - Clearing physics world
22:48:15.641 [FXGL Background Thread 2 ] DEBUG FXGLApplication      - Initializing game
22:48:15.657 [FXGL Background Thread 2 ] INFO  FXGLApplication      - Game initialization took: 0.015 sec
22:48:15.657 [JavaFX Application Thread] DEBUG Input                - Clearing active input actions
22:48:15.662 [JavaFX Application Thread] DEBUG GameApplicationServi - Removing overlay from FXGLLoadingScene and adding to GameScene
22:48:15.662 [JavaFX Application Thread] DEBUG PrimaryStageWindow   - FXGLLoadingScene -> GameScene
22:48:20.062 [JavaFX Application Thread] DEBUG PrimaryStageWindow   - Push state: DialogSubScene
22:48:20.062 [JavaFX Application Thread] DEBUG Input                - Clearing active input actions
22:48:20.063 [JavaFX Application Thread] DEBUG GameApplicationServi - Removing overlay from GameScene and adding to DialogSubScene
22:48:20.063 [JavaFX Application Thread] DEBUG PrimaryStageWindow   - GameScene -> DialogSubScene
22:48:22.035 [JavaFX Application Thread] DEBUG PrimaryStageWindow   - Pop state: DialogSubScene
22:48:22.035 [JavaFX Application Thread] DEBUG Input                - Clearing active input actions
22:48:22.035 [JavaFX Application Thread] DEBUG GameApplicationServi - Removing overlay from DialogSubScene and adding to GameScene
22:48:22.035 [JavaFX Application Thread] DEBUG PrimaryStageWindow   - GameScene <- DialogSubScene
22:48:22.035 [JavaFX Application Thread] DEBUG GameApplicationServi - Starting new game
22:48:22.035 [JavaFX Application Thread] DEBUG Input                - Clearing active input actions
22:48:22.038 [JavaFX Application Thread] DEBUG GameApplicationServi - Removing overlay from GameScene and adding to FXGLLoadingScene
22:48:22.038 [JavaFX Application Thread] DEBUG PrimaryStageWindow   - GameScene -> FXGLLoadingScene
22:48:22.038 [JavaFX Application Thread] DEBUG GameApplicationServi - Clearing previous game
22:48:22.038 [JavaFX Application Thread] DEBUG GameScene            - Clearing game scene
22:48:22.038 [JavaFX Application Thread] DEBUG GameWorld            - Clearing game world
22:48:22.039 [JavaFX Application Thread] DEBUG PhysicsWorld         - Clearing physics world
22:48:22.039 [FXGL Background Thread 2 ] DEBUG FXGLApplication      - Initializing game
22:48:22.054 [FXGL Background Thread 2 ] INFO  FXGLApplication      - Game initialization took: 0.014 sec
22:48:22.054 [JavaFX Application Thread] DEBUG Input                - Clearing active input actions
22:48:22.058 [JavaFX Application Thread] DEBUG GameApplicationServi - Removing overlay from FXGLLoadingScene and adding to GameScene
22:48:22.058 [JavaFX Application Thread] DEBUG PrimaryStageWindow   - FXGLLoadingScene -> GameScene
22:48:24.569 [JavaFX Application Thread] DEBUG FXGLApplication      - Exiting FXGL
22:48:24.569 [JavaFX Application Thread] DEBUG LoopRunner           - Stopping loop
22:48:24.569 [JavaFX Application Thread] DEBUG SystemBundleService  - Saving FXGL system data
22:48:24.571 [JavaFX Application Thread] DEBUG FileSystemAccess     - Writing to: C:\Users\frank\OneDrive\Desktop\MazeGameFX\system\fxgl.bundle
22:48:24.573 [JavaFX Application Thread] DEBUG Async                - Shutting down background threads
22:48:24.573 [JavaFX Application Thread] DEBUG PrimaryStageWindow   - Closing main window
22:48:24.600 [JavaFX Application Thread] DEBUG Logger               - Closing Logger
